<?xml version="1.0" encoding="UTF-8"?>
<testng-results ignored="0" total="3" passed="3" failed="0" skipped="0">
  <reporter-output>
  </reporter-output>
  <suite started-at="2024-01-26T14:47:00 IST" name="Default suite" finished-at="2024-01-26T14:47:11 IST" duration-ms="10982">
    <groups>
    </groups>
    <test started-at="2024-01-26T14:47:00 IST" name="Default test" finished-at="2024-01-26T14:47:11 IST" duration-ms="10982">
      <class name="com.simplilearn.Selenium.FillterButtonTest">
        <test-method is-config="true" signature="setup()[pri:0, instance:com.simplilearn.Selenium.FillterButtonTest@a38c7fe]" started-at="2024-01-26T14:47:00 IST" name="setup" finished-at="2024-01-26T14:47:02 IST" duration-ms="2016" status="PASS">
          <reporter-output>
          </reporter-output>
        </test-method> <!-- setup -->
        <test-method signature="addCartPageTest()[pri:1, instance:com.simplilearn.Selenium.FillterButtonTest@a38c7fe]" started-at="2024-01-26T14:47:02 IST" name="addCartPageTest" description="Test search product title match" finished-at="2024-01-26T14:47:09 IST" duration-ms="6571" status="PASS">
          <reporter-output>
          </reporter-output>
        </test-method> <!-- addCartPageTest -->
        <test-method signature="addCartPageSOurceUrlTest()[pri:2, instance:com.simplilearn.Selenium.FillterButtonTest@a38c7fe]" started-at="2024-01-26T14:47:09 IST" name="addCartPageSOurceUrlTest" description="Test search product  page source url" finished-at="2024-01-26T14:47:11 IST" duration-ms="2043" status="PASS">
          <reporter-output>
          </reporter-output>
        </test-method> <!-- addCartPageSOurceUrlTest -->
        <test-method signature="homePageTitleTest()[pri:3, instance:com.simplilearn.Selenium.FillterButtonTest@a38c7fe]" started-at="2024-01-26T14:47:11 IST" name="homePageTitleTest" description="Test search product page title " finished-at="2024-01-26T14:47:11 IST" duration-ms="21" status="PASS">
          <reporter-output>
          </reporter-output>
        </test-method> <!-- homePageTitleTest -->
        <test-method is-config="true" signature="cleanup()[pri:0, instance:com.simplilearn.Selenium.FillterButtonTest@a38c7fe]" started-at="2024-01-26T14:47:11 IST" name="cleanup" finished-at="2024-01-26T14:47:11 IST" duration-ms="266" status="PASS">
          <reporter-output>
          </reporter-output>
        </test-method> <!-- cleanup -->
      </class> <!-- com.simplilearn.Selenium.FillterButtonTest -->
    </test> <!-- Default test -->
  </suite> <!-- Default suite -->
</testng-results>
