<?xml version="1.0" encoding="UTF-8"?>
<!-- Generated by org.testng.reporters.JUnitXMLReporter -->
<testsuite ignored="0" hostname="Bujuku" failures="0" tests="6" name="REST APIs" time="2.936" errors="0" timestamp="2024-01-26T13:03:16 IST">
  <testcase classname="com.simplilearn.restassured.AddProduct" name="testAddProduct" time="2.531"/>
  <testcase classname="com.simplilearn.restassured.DeleteMedicine" name="testDeleteProduct" time="0.08"/>
  <testcase classname="com.simplilearn.restassured.GetMedicine" name="testGetProduct" time="0.072"/>
  <testcase classname="com.simplilearn.restassured.GetUsers" name="testGetusers" time="0.07"/>
  <testcase classname="com.simplilearn.restassured.UpdateMedicine" name="testGetProduct" time="0.055"/>
  <testcase classname="com.simplilearn.restassured.UpdateMedicineStatus" name="testGetProduct" time="0.057"/>
</testsuite> <!-- REST APIs -->
