<?xml version="1.0" encoding="UTF-8"?>
<!-- Generated by org.testng.reporters.JUnitXMLReporter -->
<testsuite ignored="0" hostname="Bujuku" failures="0" tests="3" name="Default test" time="10.982" errors="0" timestamp="2024-01-26T14:47:11 IST">
  <testcase classname="com.simplilearn.Selenium.FillterButtonTest" name="addCartPageTest" time="6.571"/>
  <testcase classname="com.simplilearn.Selenium.FillterButtonTest" name="addCartPageSOurceUrlTest" time="2.043"/>
  <testcase classname="com.simplilearn.Selenium.FillterButtonTest" name="homePageTitleTest" time="0.021"/>
</testsuite> <!-- Default test -->
